
> @jordaniodev-iu/docs@1.0.1 build
> build-storybook

info @storybook/react v6.5.16
info 
info => Cleaning outputDir: C:\Users\Luigi\Documents\student\react\design-system\packages\docs\storybook-static
info => Loading presets
info => Loading custom manager config
info => Compiling manager..
info => Loading custom manager config
[36mvite v3.2.5 [32mbuilding for production...[36m[39m
transforming...
info => Manager built (52 s)
Use of eval is strongly discouraged, as it poses security risks and may cause issues with minification
Use of eval is strongly discouraged, as it poses security risks and may cause issues with minification
Use of eval is strongly discouraged, as it poses security risks and may cause issues with minification
[32m✓[39m 2570 modules transformed.
rendering chunks...
[90m[37m[2mstorybook-static/[22m[90m[39m[32miframe.html                                         [39m [2m13.59 KiB[22m
[90m[37m[2mstorybook-static/[22m[90m[39m[36massets/index.4dc389f3.js                            [39m [2m7.21 KiB / gzip: 2.96 KiB[22m
[90m[37m[2mstorybook-static/[22m[90m[39m[90massets/index.4dc389f3.js.map                        [39m [2m15.35 KiB[22m
[90m[37m[2mstorybook-static/[22m[90m[39m[36massets/jsx-runtime.6ddf9f66.js                      [39m [2m1.06 KiB / gzip: 0.65 KiB[22m
[90m[37m[2mstorybook-static/[22m[90m[39m[90massets/jsx-runtime.6ddf9f66.js.map                  [39m [2m2.12 KiB[22m
[90m[37m[2mstorybook-static/[22m[90m[39m[36massets/es.map.constructor.dc09b41b.js               [39m [2m0.24 KiB / gzip: 0.20 KiB[22m
[90m[37m[2mstorybook-static/[22m[90m[39m[90massets/es.map.constructor.dc09b41b.js.map           [39m [2m0.75 KiB[22m
[90m[37m[2mstorybook-static/[22m[90m[39m[36massets/string.39724320.js                           [39m [2m0.36 KiB / gzip: 0.28 KiB[22m
[90m[37m[2mstorybook-static/[22m[90m[39m[90massets/string.39724320.js.map                       [39m [2m1.08 KiB[22m
[90m[37m[2mstorybook-static/[22m[90m[39m[36massets/preview.327023e0.js                          [39m [2m0.78 KiB / gzip: 0.48 KiB[22m
[90m[37m[2mstorybook-static/[22m[90m[39m[90massets/preview.327023e0.js.map                      [39m [2m7.27 KiB[22m
[90m[37m[2mstorybook-static/[22m[90m[39m[36massets/config.ce48af7c.js                           [39m [2m5.87 KiB / gzip: 2.33 KiB[22m
[90m[37m[2mstorybook-static/[22m[90m[39m[90massets/config.ce48af7c.js.map                       [39m [2m20.26 KiB[22m
[90m[37m[2mstorybook-static/[22m[90m[39m[36massets/preview.363d46f8.js                          [39m [2m1.85 KiB / gzip: 0.67 KiB[22m
[90m[37m[2mstorybook-static/[22m[90m[39m[90massets/preview.363d46f8.js.map                      [39m [2m4.19 KiB[22m
[90m[37m[2mstorybook-static/[22m[90m[39m[36massets/make-decorator.e89be641.js                   [39m [2m0.84 KiB / gzip: 0.49 KiB[22m
[90m[37m[2mstorybook-static/[22m[90m[39m[90massets/make-decorator.e89be641.js.map               [39m [2m2.99 KiB[22m
[90m[37m[2mstorybook-static/[22m[90m[39m[36massets/preview.22360df8.js                          [39m [2m4.47 KiB / gzip: 1.72 KiB[22m
[90m[37m[2mstorybook-static/[22m[90m[39m[90massets/preview.22360df8.js.map                      [39m [2m16.78 KiB[22m
[90m[37m[2mstorybook-static/[22m[90m[39m[36massets/preview.170ac650.js                          [39m [2m9.52 KiB / gzip: 3.34 KiB[22m
[90m[37m[2mstorybook-static/[22m[90m[39m[90massets/preview.170ac650.js.map                      [39m [2m38.45 KiB[22m
[90m[37m[2mstorybook-static/[22m[90m[39m[36massets/preview.2e94d5f8.js                          [39m [2m10.17 KiB / gzip: 3.94 KiB[22m
[90m[37m[2mstorybook-static/[22m[90m[39m[90massets/preview.2e94d5f8.js.map                      [39m [2m42.64 KiB[22m
[90m[37m[2mstorybook-static/[22m[90m[39m[36massets/es.number.to-fixed.6aeee4b5.js               [39m [2m1.65 KiB / gzip: 1.00 KiB[22m
[90m[37m[2mstorybook-static/[22m[90m[39m[90massets/es.number.to-fixed.6aeee4b5.js.map           [39m [2m8.00 KiB[22m
[90m[37m[2mstorybook-static/[22m[90m[39m[36massets/preview.729f19b2.js                          [39m [2m7.96 KiB / gzip: 1.66 KiB[22m
[90m[37m[2mstorybook-static/[22m[90m[39m[90massets/preview.729f19b2.js.map                      [39m [2m16.87 KiB[22m
[90m[37m[2mstorybook-static/[22m[90m[39m[36massets/preview.7354f93e.js                          [39m [2m0.33 KiB / gzip: 0.25 KiB[22m
[90m[37m[2mstorybook-static/[22m[90m[39m[90massets/preview.7354f93e.js.map                      [39m [2m0.54 KiB[22m
[90m[37m[2mstorybook-static/[22m[90m[39m[36massets/preview.48ad9834.js                          [39m [2m3.32 KiB / gzip: 1.50 KiB[22m
[90m[37m[2mstorybook-static/[22m[90m[39m[90massets/preview.48ad9834.js.map                      [39m [2m13.94 KiB[22m
[90m[37m[2mstorybook-static/[22m[90m[39m[36massets/Home.stories.c13519d8.js                     [39m [2m1.19 KiB / gzip: 0.70 KiB[22m
[90m[37m[2mstorybook-static/[22m[90m[39m[90massets/Home.stories.c13519d8.js.map                 [39m [2m1.22 KiB[22m
[90m[37m[2mstorybook-static/[22m[90m[39m[36massets/preview.73dd0011.js                          [39m [2m26.36 KiB / gzip: 8.32 KiB[22m
[90m[37m[2mstorybook-static/[22m[90m[39m[90massets/preview.73dd0011.js.map                      [39m [2m102.60 KiB[22m
[90m[37m[2mstorybook-static/[22m[90m[39m[36massets/Colors.stories.d2b0e3be.js                   [39m [2m9.26 KiB / gzip: 3.94 KiB[22m
[90m[37m[2mstorybook-static/[22m[90m[39m[90massets/Colors.stories.d2b0e3be.js.map               [39m [2m142.88 KiB[22m
[90m[37m[2mstorybook-static/[22m[90m[39m[36massets/index.c1c202bf.js                            [39m [2m0.82 KiB / gzip: 0.41 KiB[22m
[90m[37m[2mstorybook-static/[22m[90m[39m[90massets/index.c1c202bf.js.map                        [39m [2m2.42 KiB[22m
[90m[37m[2mstorybook-static/[22m[90m[39m[36massets/FontSizes.stories.7939d3f5.js                [39m [2m1.37 KiB / gzip: 0.78 KiB[22m
[90m[37m[2mstorybook-static/[22m[90m[39m[90massets/FontSizes.stories.7939d3f5.js.map            [39m [2m1.56 KiB[22m
[90m[37m[2mstorybook-static/[22m[90m[39m[36massets/TokensGrid.617161c7.js                       [39m [2m1.06 KiB / gzip: 0.54 KiB[22m
[90m[37m[2mstorybook-static/[22m[90m[39m[90massets/TokensGrid.617161c7.js.map                   [39m [2m1.68 KiB[22m
[90m[37m[2mstorybook-static/[22m[90m[39m[36massets/FontWeights.stories.2c836667.js              [39m [2m1.38 KiB / gzip: 0.78 KiB[22m
[90m[37m[2mstorybook-static/[22m[90m[39m[90massets/FontWeights.stories.2c836667.js.map          [39m [2m1.58 KiB[22m
[90m[37m[2mstorybook-static/[22m[90m[39m[36massets/LineHeight.stories.b88d7878.js               [39m [2m1.37 KiB / gzip: 0.78 KiB[22m
[90m[37m[2mstorybook-static/[22m[90m[39m[90massets/LineHeight.stories.b88d7878.js.map           [39m [2m1.57 KiB[22m
[90m[37m[2mstorybook-static/[22m[90m[39m[36massets/Radii.stories.0dccba43.js                    [39m [2m1.34 KiB / gzip: 0.76 KiB[22m
[90m[37m[2mstorybook-static/[22m[90m[39m[90massets/Radii.stories.0dccba43.js.map                [39m [2m1.48 KiB[22m
[90m[37m[2mstorybook-static/[22m[90m[39m[36massets/Avatar.stories.671f786f.js                   [39m [2m0.44 KiB / gzip: 0.31 KiB[22m
[90m[37m[2mstorybook-static/[22m[90m[39m[90massets/Avatar.stories.671f786f.js.map               [39m [2m0.10 KiB[22m
[90m[37m[2mstorybook-static/[22m[90m[39m[36massets/Space.stories.6dcbd3de.js                    [39m [2m1.36 KiB / gzip: 0.78 KiB[22m
[90m[37m[2mstorybook-static/[22m[90m[39m[90massets/Space.stories.6dcbd3de.js.map                [39m [2m1.53 KiB[22m
[90m[37m[2mstorybook-static/[22m[90m[39m[36massets/Box.stories.2f02eac0.js                      [39m [2m0.41 KiB / gzip: 0.28 KiB[22m
[90m[37m[2mstorybook-static/[22m[90m[39m[90massets/Box.stories.2f02eac0.js.map                  [39m [2m0.10 KiB[22m
[90m[37m[2mstorybook-static/[22m[90m[39m[36massets/Checkbox.stories.c9da214d.js                 [39m [2m0.46 KiB / gzip: 0.32 KiB[22m
[90m[37m[2mstorybook-static/[22m[90m[39m[90massets/Checkbox.stories.c9da214d.js.map             [39m [2m0.11 KiB[22m
[90m[37m[2mstorybook-static/[22m[90m[39m[36massets/Heading.stories.b4368603.js                  [39m [2m0.64 KiB / gzip: 0.42 KiB[22m
[90m[37m[2mstorybook-static/[22m[90m[39m[90massets/Heading.stories.b4368603.js.map              [39m [2m0.11 KiB[22m
[90m[37m[2mstorybook-static/[22m[90m[39m[36massets/MultiStep.stories.e62ef280.js                [39m [2m0.46 KiB / gzip: 0.33 KiB[22m
[90m[37m[2mstorybook-static/[22m[90m[39m[90massets/MultiStep.stories.e62ef280.js.map            [39m [2m0.11 KiB[22m
[90m[37m[2mstorybook-static/[22m[90m[39m[36massets/Button.stories.6a3caafb.js                   [39m [2m3.01 KiB / gzip: 0.96 KiB[22m
[90m[37m[2mstorybook-static/[22m[90m[39m[90massets/Button.stories.6a3caafb.js.map               [39m [2m6.12 KiB[22m
[90m[37m[2mstorybook-static/[22m[90m[39m[36massets/Text.stories.297c5d5f.js                     [39m [2m0.54 KiB / gzip: 0.35 KiB[22m
[90m[37m[2mstorybook-static/[22m[90m[39m[90massets/Text.stories.297c5d5f.js.map                 [39m [2m0.10 KiB[22m
[90m[37m[2mstorybook-static/[22m[90m[39m[36massets/TextArea.stories.b3c0d4af.js                 [39m [2m0.54 KiB / gzip: 0.37 KiB[22m
[90m[37m[2mstorybook-static/[22m[90m[39m[90massets/TextArea.stories.b3c0d4af.js.map             [39m [2m0.11 KiB[22m
[90m[37m[2mstorybook-static/[22m[90m[39m[36massets/TextInput.stories.e8aa6dc2.js                [39m [2m0.61 KiB / gzip: 0.40 KiB[22m
[90m[37m[2mstorybook-static/[22m[90m[39m[90massets/TextInput.stories.e8aa6dc2.js.map            [39m [2m0.11 KiB[22m
[90m[37m[2mstorybook-static/[22m[90m[39m[36massets/Toast.stories.94437033.js                    [39m [2m0.82 KiB / gzip: 0.44 KiB[22m
[90m[37m[2mstorybook-static/[22m[90m[39m[90massets/Toast.stories.94437033.js.map                [39m [2m0.10 KiB[22m
[90m[37m[2mstorybook-static/[22m[90m[39m[36massets/ToolTip.stories.09e0010b.js                  [39m [2m0.49 KiB / gzip: 0.33 KiB[22m
[90m[37m[2mstorybook-static/[22m[90m[39m[90massets/ToolTip.stories.09e0010b.js.map              [39m [2m0.11 KiB[22m
[90m[37m[2mstorybook-static/[22m[90m[39m[36massets/client.d35d2446.js                           [39m [2m0.67 KiB / gzip: 0.42 KiB[22m
[90m[37m[2mstorybook-static/[22m[90m[39m[90massets/client.d35d2446.js.map                       [39m [2m0.89 KiB[22m
[90m[37m[2mstorybook-static/[22m[90m[39m[36massets/renderDocs.6b7b80ef.js                       [39m [2m2.65 KiB / gzip: 1.29 KiB[22m
[90m[37m[2mstorybook-static/[22m[90m[39m[90massets/renderDocs.6b7b80ef.js.map                   [39m [2m9.57 KiB[22m
[90m[37m[2mstorybook-static/[22m[90m[39m[36massets/index.8d61d407.js                            [39m [2m2.49 KiB / gzip: 1.22 KiB[22m
[90m[37m[2mstorybook-static/[22m[90m[39m[90massets/index.8d61d407.js.map                        [39m [2m6.00 KiB[22m
[90m[37m[2mstorybook-static/[22m[90m[39m[36massets/es.string.from-code-point.87b1f59d.js        [39m [2m0.52 KiB / gzip: 0.39 KiB[22m
[90m[37m[2mstorybook-static/[22m[90m[39m[90massets/es.string.from-code-point.87b1f59d.js.map    [39m [2m2.13 KiB[22m
[90m[37m[2mstorybook-static/[22m[90m[39m[36massets/es.regexp.flags.1f4a315c.js                  [39m [2m0.60 KiB / gzip: 0.42 KiB[22m
[90m[37m[2mstorybook-static/[22m[90m[39m[90massets/es.regexp.flags.1f4a315c.js.map              [39m [2m2.68 KiB[22m
[90m[37m[2mstorybook-static/[22m[90m[39m[36massets/GlobalScrollAreaStyles-8793ce4a.7863f095.js  [39m [2m10.33 KiB / gzip: 2.36 KiB[22m
[90m[37m[2mstorybook-static/[22m[90m[39m[90massets/GlobalScrollAreaStyles-8793ce4a.7863f095.js.map[39m [2m20.40 KiB[22m
[90m[37m[2mstorybook-static/[22m[90m[39m[36massets/WithTooltip-167e9982.e0fada8e.js             [39m [2m40.44 KiB / gzip: 13.54 KiB[22m
[90m[37m[2mstorybook-static/[22m[90m[39m[90massets/WithTooltip-167e9982.e0fada8e.js.map         [39m [2m176.41 KiB[22m
[90m[37m[2mstorybook-static/[22m[90m[39m[35massets/TokensGrid.ced4d417.css                      [39m [2m0.43 KiB / gzip: 0.22 KiB[22m
[90m[37m[2mstorybook-static/[22m[90m[39m[35massets/index.55fec1ff.css                           [39m [2m11.15 KiB / gzip: 2.21 KiB[22m
[90m[37m[2mstorybook-static/[22m[90m[39m[36massets/Color-f953d088.7cde7693.js                   [39m [2m33.86 KiB / gzip: 12.77 KiB[22m
[90m[37m[2mstorybook-static/[22m[90m[39m[90massets/Color-f953d088.7cde7693.js.map               [39m [2m129.69 KiB[22m
[90m[37m[2mstorybook-static/[22m[90m[39m[36massets/index.e5af5c07.js                            [39m [2m59.72 KiB / gzip: 21.77 KiB[22m
[90m[37m[2mstorybook-static/[22m[90m[39m[90massets/index.e5af5c07.js.map                        [39m [2m266.70 KiB[22m
[90m[37m[2mstorybook-static/[22m[90m[39m[36massets/OverlayScrollbars-1355f44c.6bdbf72c.js       [39m [2m63.21 KiB / gzip: 26.82 KiB[22m
[90m[37m[2mstorybook-static/[22m[90m[39m[90massets/OverlayScrollbars-1355f44c.6bdbf72c.js.map   [39m [2m430.22 KiB[22m
[90m[37m[2mstorybook-static/[22m[90m[39m[36massets/index.04babe2b.js                            [39m [2m96.03 KiB / gzip: 33.00 KiB[22m
[90m[37m[2mstorybook-static/[22m[90m[39m[90massets/index.04babe2b.js.map                        [39m [33m882.49 KiB[39m
[90m[37m[2mstorybook-static/[22m[90m[39m[36massets/index.1bc2cc9c.js                            [39m [2m135.69 KiB / gzip: 44.59 KiB[22m
[90m[37m[2mstorybook-static/[22m[90m[39m[90massets/index.1bc2cc9c.js.map                        [39m [2m327.51 KiB[22m
[90m[37m[2mstorybook-static/[22m[90m[39m[36massets/syntaxhighlighter-b07b042a.c0d7e111.js       [39m [2m125.90 KiB / gzip: 47.90 KiB[22m
[90m[37m[2mstorybook-static/[22m[90m[39m[90massets/syntaxhighlighter-b07b042a.c0d7e111.js.map   [39m [2m455.37 KiB[22m
[90m[37m[2mstorybook-static/[22m[90m[39m[36massets/config.51160ffa.js                           [39m [2m303.53 KiB / gzip: 89.02 KiB[22m
[90m[37m[2mstorybook-static/[22m[90m[39m[90massets/config.51160ffa.js.map                       [39m [33m1084.20 KiB[39m
[90m[37m[2mstorybook-static/[22m[90m[39m[36massets/Props.bfbcf062.js                            [39m [2m411.74 KiB / gzip: 121.28 KiB[22m
[90m[37m[2mstorybook-static/[22m[90m[39m[90massets/Props.bfbcf062.js.map                        [39m [33m881.11 KiB[39m
[90m[37m[2mstorybook-static/[22m[90m[39m[36massets/axe.3191738f.js                              [39m [2m495.82 KiB / gzip: 133.20 KiB[22m
[90m[37m[2mstorybook-static/[22m[90m[39m[90massets/axe.3191738f.js.map                          [39m [33m1669.88 KiB[39m
[90m[37m[2mstorybook-static/[22m[90m[39m[36massets/iframe.57f396d1.js                           [39m [33m510.92 KiB / gzip: 142.05 KiB[39m
[90m[37m[2mstorybook-static/[22m[90m[39m[90massets/iframe.57f396d1.js.map                       [39m [33m1405.13 KiB[39m
[90m[37m[2mstorybook-static/[22m[90m[39m[36massets/formatter-0d5cb0eb.99539af8.js               [39m [33m740.96 KiB / gzip: 234.02 KiB[39m
[90m[37m[2mstorybook-static/[22m[90m[39m[90massets/formatter-0d5cb0eb.99539af8.js.map           [39m [33m1742.02 KiB[39m
[33m
(!) Some chunks are larger than 500 KiB after minification. Consider:
- Using dynamic import() to code-split the application
- Use build.rollupOptions.output.manualChunks to improve chunking: https://rollupjs.org/guide/en/#outputmanualchunks
- Adjust chunk size limit for this warning via build.chunkSizeWarningLimit.[39m
info => Output directory: C:\Users\Luigi\Documents\student\react\design-system\packages\docs\storybook-static
